<?xml version="1.0" encoding="UTF-8"?>
<!-- Generated by org.testng.reporters.JUnitXMLReporter -->
<testsuite hostname="Mudassir-HP" ignored="0" name="Default test" tests="6" failures="0" timestamp="26 May 2020 11:33:48 GMT" time="7.524" errors="0">
  <testcase name="checkContentType" time="0.022" classname="com.qa.apiTest.TC002_Post_Employee_Record"/>
  <testcase name="checkResposeBody" time="0.021" classname="com.qa.apiTest.TC002_Post_Employee_Record"/>
  <testcase name="checkStatusCode" time="0.001" classname="com.qa.apiTest.TC002_Post_Employee_Record"/>
  <testcase name="checkcontentEncoding" time="0.002" classname="com.qa.apiTest.TC002_Post_Employee_Record"/>
  <testcase name="checkserverType" time="0.001" classname="com.qa.apiTest.TC002_Post_Employee_Record"/>
  <testcase name="checkstatusLine" time="0.001" classname="com.qa.apiTest.TC002_Post_Employee_Record"/>
</testsuite> <!-- Default test -->
