<?xml version="1.0" encoding="UTF-8"?>
<!-- Generated by org.testng.reporters.JUnitXMLReporter -->
<testsuite hostname="Mudassir-HP" ignored="0" name="EmployeesRestAPITest" tests="6" failures="0" timestamp="26 May 2020 11:34:04 GMT" time="7.939" errors="0">
  <testcase name="checkContentType" time="0.014" classname="com.qa.apiTest.TC002_Post_Employee_Record"/>
  <testcase name="checkResposeBody" time="0.038" classname="com.qa.apiTest.TC002_Post_Employee_Record"/>
  <testcase name="checkStatusCode" time="0.001" classname="com.qa.apiTest.TC002_Post_Employee_Record"/>
  <testcase name="checkcontentEncoding" time="0.001" classname="com.qa.apiTest.TC002_Post_Employee_Record"/>
  <testcase name="checkserverType" time="0.001" classname="com.qa.apiTest.TC002_Post_Employee_Record"/>
  <testcase name="checkstatusLine" time="0.001" classname="com.qa.apiTest.TC002_Post_Employee_Record"/>
</testsuite> <!-- EmployeesRestAPITest -->
